C:\USERS\U7ASHTUK\DESKTOP\FILES\DEFECTSVIEWER\SHADERS\RELEASE\DEFECTSVIEWER.EXE
C:\USERS\U7ASHTUK\DESKTOP\FILES\DEFECTSVIEWER\SHADERS\RELEASE\DEFECTSVIEWER.PDB
C:\USERS\U7ASHTUK\DESKTOP\FILES\DEFECTSVIEWER\SHADERS\SHADERS\RELEASE\.NETFRAMEWORK,VERSION=V4.0.ASSEMBLYATTRIBUTES.OBJ
C:\USERS\U7ASHTUK\DESKTOP\FILES\DEFECTSVIEWER\SHADERS\SHADERS\RELEASE\BACKGROUND.OBJ
C:\Users\u7ashtuk\Desktop\Files\DefectsViewer\Shaders\Shaders\Release\cl.command.1.tlog
C:\Users\u7ashtuk\Desktop\Files\DefectsViewer\Shaders\Shaders\Release\CL.read.1.tlog
C:\Users\u7ashtuk\Desktop\Files\DefectsViewer\Shaders\Shaders\Release\CL.write.1.tlog
C:\USERS\U7ASHTUK\DESKTOP\FILES\DEFECTSVIEWER\SHADERS\SHADERS\RELEASE\DEFECTSVIEWER.EXE.INTERMEDIATE.MANIFEST
C:\Users\u7ashtuk\Desktop\Files\DefectsViewer\Shaders\Shaders\Release\DefectsViewer.write.1.tlog
C:\USERS\U7ASHTUK\DESKTOP\FILES\DEFECTSVIEWER\SHADERS\SHADERS\RELEASE\DEFECTVIEWER.OBJ
C:\Users\u7ashtuk\Desktop\Files\DefectsViewer\Shaders\Shaders\Release\link.command.1.tlog
C:\Users\u7ashtuk\Desktop\Files\DefectsViewer\Shaders\Shaders\Release\link.read.1.tlog
C:\Users\u7ashtuk\Desktop\Files\DefectsViewer\Shaders\Shaders\Release\link.write.1.tlog
C:\Users\u7ashtuk\Desktop\Files\DefectsViewer\Shaders\Shaders\Release\metagen.read.1.tlog
C:\Users\u7ashtuk\Desktop\Files\DefectsViewer\Shaders\Shaders\Release\metagen.write.1.tlog
C:\Users\u7ashtuk\Desktop\Files\DefectsViewer\Shaders\Shaders\Release\mt.command.1.tlog
C:\Users\u7ashtuk\Desktop\Files\DefectsViewer\Shaders\Shaders\Release\mt.read.1.tlog
C:\Users\u7ashtuk\Desktop\Files\DefectsViewer\Shaders\Shaders\Release\mt.write.1.tlog
C:\Users\u7ashtuk\Desktop\Files\DefectsViewer\Shaders\Shaders\Release\NVIEW.DLL.bi
C:\USERS\U7ASHTUK\DESKTOP\FILES\DEFECTSVIEWER\SHADERS\SHADERS\RELEASE\OPENGLCONTROL.OBJ
C:\USERS\U7ASHTUK\DESKTOP\FILES\DEFECTSVIEWER\SHADERS\SHADERS\RELEASE\OPTIONSREADER.OBJ
C:\USERS\U7ASHTUK\DESKTOP\FILES\DEFECTSVIEWER\SHADERS\SHADERS\RELEASE\POINTER.OBJ
C:\USERS\U7ASHTUK\DESKTOP\FILES\DEFECTSVIEWER\SHADERS\SHADERS\RELEASE\RENDERSCENE.OBJ
C:\USERS\U7ASHTUK\DESKTOP\FILES\DEFECTSVIEWER\SHADERS\SHADERS\RELEASE\REPORTREADER.OBJ
C:\Users\u7ashtuk\Desktop\Files\DefectsViewer\Shaders\Shaders\Release\RSAENH.DLL.bi
C:\USERS\U7ASHTUK\DESKTOP\FILES\DEFECTSVIEWER\SHADERS\SHADERS\RELEASE\SHADERS.OBJ
C:\USERS\U7ASHTUK\DESKTOP\FILES\DEFECTSVIEWER\SHADERS\SHADERS\RELEASE\STLPARSER.OBJ
C:\USERS\U7ASHTUK\DESKTOP\FILES\DEFECTSVIEWER\SHADERS\SHADERS\RELEASE\TEXTUREOPENIL.OBJ
C:\Users\u7ashtuk\Desktop\Files\DefectsViewer\Shaders\Shaders\Release\TZRES.DLL.bi
C:\USERS\U7ASHTUK\DESKTOP\FILES\DEFECTSVIEWER\SHADERS\SHADERS\RELEASE\WIDGET.OBJ
C:\USERS\U7ASHTUK\DESKTOP\FILES\DEFECTSVIEWER\SHADERS\SHADERS\RELEASE\WIN_OPENGLAPP.OBJ
