Build started 11/1/2016 9:09:20 AM.
     1>Project "C:\Users\u7ashtuk\Desktop\Files\DefectsViewer\DefectsViewer\Shaders\Shaders.vcxproj" on node 2 (build target(s)).
     1>InitializeBuildStatus:
         Creating "Release\DefectsViewer.unsuccessfulbuild" because "AlwaysCreate" was specified.
       GenerateTargetFrameworkMonikerAttribute:
       Skipping target "GenerateTargetFrameworkMonikerAttribute" because all output files are up-to-date with respect to the input files.
       ClCompile:
         All outputs are up-to-date.
         All outputs are up-to-date.
       Link:
         All outputs are up-to-date.
         Shaders.vcxproj -> C:\Users\u7ashtuk\Desktop\Files\DefectsViewer\DefectsViewer\Release\DefectsViewer.exe
       MetaGen:
       Skipping target "MetaGen" because all output files are up-to-date with respect to the input files.
       FinalizeBuildStatus:
         Deleting file "Release\DefectsViewer.unsuccessfulbuild".
         Touching "Release\DefectsViewer.lastbuildstate".
     1>Done Building Project "C:\Users\u7ashtuk\Desktop\Files\DefectsViewer\DefectsViewer\Shaders\Shaders.vcxproj" (build target(s)).

Build succeeded.

Time Elapsed 00:00:00.05
