C:\USERS\U7ASHTUK\DESKTOP\FILES\DEFECTSVIEWER\SHADERS\SHADERS\X64\DEBUG\.NETFRAMEWORK,VERSION=V4.0.ASSEMBLYATTRIBUTES.OBJ
C:\Users\u7ashtuk\Desktop\Files\DefectsViewer\Shaders\Shaders\x64\Debug\cl.command.1.tlog
C:\Users\u7ashtuk\Desktop\Files\DefectsViewer\Shaders\Shaders\x64\Debug\CL.read.1.tlog
C:\Users\u7ashtuk\Desktop\Files\DefectsViewer\Shaders\Shaders\x64\Debug\CL.write.1.tlog
C:\Users\u7ashtuk\Desktop\Files\DefectsViewer\Shaders\Shaders\x64\Debug\DefectsViewer.write.1.tlog
C:\Users\u7ashtuk\Desktop\Files\DefectsViewer\Shaders\Shaders\x64\Debug\link.10940.read.1.tlog
C:\Users\u7ashtuk\Desktop\Files\DefectsViewer\Shaders\Shaders\x64\Debug\link.10940.write.1.tlog
C:\Users\u7ashtuk\Desktop\Files\DefectsViewer\Shaders\Shaders\x64\Debug\link.1524.read.1.tlog
C:\Users\u7ashtuk\Desktop\Files\DefectsViewer\Shaders\Shaders\x64\Debug\link.1524.write.1.tlog
C:\Users\u7ashtuk\Desktop\Files\DefectsViewer\Shaders\Shaders\x64\Debug\link.1888.read.1.tlog
C:\Users\u7ashtuk\Desktop\Files\DefectsViewer\Shaders\Shaders\x64\Debug\link.1888.write.1.tlog
C:\Users\u7ashtuk\Desktop\Files\DefectsViewer\Shaders\Shaders\x64\Debug\link.2952.read.1.tlog
C:\Users\u7ashtuk\Desktop\Files\DefectsViewer\Shaders\Shaders\x64\Debug\link.2952.write.1.tlog
C:\Users\u7ashtuk\Desktop\Files\DefectsViewer\Shaders\Shaders\x64\Debug\link.5772.read.1.tlog
C:\Users\u7ashtuk\Desktop\Files\DefectsViewer\Shaders\Shaders\x64\Debug\link.5772.write.1.tlog
C:\Users\u7ashtuk\Desktop\Files\DefectsViewer\Shaders\Shaders\x64\Debug\link.7092.read.1.tlog
C:\Users\u7ashtuk\Desktop\Files\DefectsViewer\Shaders\Shaders\x64\Debug\link.7092.write.1.tlog
C:\Users\u7ashtuk\Desktop\Files\DefectsViewer\Shaders\Shaders\x64\Debug\link.732.read.1.tlog
C:\Users\u7ashtuk\Desktop\Files\DefectsViewer\Shaders\Shaders\x64\Debug\link.732.write.1.tlog
C:\Users\u7ashtuk\Desktop\Files\DefectsViewer\Shaders\Shaders\x64\Debug\link.9244.read.1.tlog
C:\Users\u7ashtuk\Desktop\Files\DefectsViewer\Shaders\Shaders\x64\Debug\link.9244.write.1.tlog
C:\Users\u7ashtuk\Desktop\Files\DefectsViewer\Shaders\Shaders\x64\Debug\link.command.1.tlog
C:\Users\u7ashtuk\Desktop\Files\DefectsViewer\Shaders\Shaders\x64\Debug\link.read.1.tlog
C:\Users\u7ashtuk\Desktop\Files\DefectsViewer\Shaders\Shaders\x64\Debug\link.write.1.tlog
C:\Users\u7ashtuk\Desktop\Files\DefectsViewer\Shaders\Shaders\x64\Debug\metagen.read.1.tlog
C:\Users\u7ashtuk\Desktop\Files\DefectsViewer\Shaders\Shaders\x64\Debug\metagen.write.1.tlog
C:\Users\u7ashtuk\Desktop\Files\DefectsViewer\Shaders\Shaders\x64\Debug\NVIEW.DLL.bi
C:\USERS\U7ASHTUK\DESKTOP\FILES\DEFECTSVIEWER\SHADERS\SHADERS\X64\DEBUG\OPENGLCONTROL.OBJ
C:\USERS\U7ASHTUK\DESKTOP\FILES\DEFECTSVIEWER\SHADERS\SHADERS\X64\DEBUG\RENDERSCENE.OBJ
C:\Users\u7ashtuk\Desktop\Files\DefectsViewer\Shaders\Shaders\x64\Debug\RSAENH.DLL.bi
C:\USERS\U7ASHTUK\DESKTOP\FILES\DEFECTSVIEWER\SHADERS\SHADERS\X64\DEBUG\SHADERS.OBJ
C:\USERS\U7ASHTUK\DESKTOP\FILES\DEFECTSVIEWER\SHADERS\SHADERS\X64\DEBUG\STLPARSER.OBJ
C:\Users\u7ashtuk\Desktop\Files\DefectsViewer\Shaders\Shaders\x64\Debug\TZRES.DLL.bi
C:\USERS\U7ASHTUK\DESKTOP\FILES\DEFECTSVIEWER\SHADERS\SHADERS\X64\DEBUG\VC100.PDB
C:\USERS\U7ASHTUK\DESKTOP\FILES\DEFECTSVIEWER\SHADERS\SHADERS\X64\DEBUG\WIDGET.OBJ
C:\USERS\U7ASHTUK\DESKTOP\FILES\DEFECTSVIEWER\SHADERS\SHADERS\X64\DEBUG\WIN_OPENGLAPP.OBJ
C:\Users\u7ashtuk\Desktop\Files\DefectsViewer\Shaders\x64\Debug\DefectsViewer.ilk
