C:\USERS\U7ASHTUK\DESKTOP\FILES\SHADERS\SHADERS\DEBUG\SHADERS.EXE
C:\Users\u7ashtuk\Desktop\Files\Shaders\Shaders\Debug\Shaders.ilk
C:\Users\u7ashtuk\Desktop\Files\Shaders\Shaders\Debug\Shaders.pdb
C:\USERS\U7ASHTUK\DESKTOP\FILES\SHADERS\SHADERS\SHADERS\DEBUG\.NETFRAMEWORK,VERSION=V4.0.ASSEMBLYATTRIBUTES.OBJ
C:\Users\u7ashtuk\Desktop\Files\Shaders\Shaders\Shaders\Debug\cl.command.1.tlog
C:\Users\u7ashtuk\Desktop\Files\Shaders\Shaders\Shaders\Debug\CL.read.1.tlog
C:\Users\u7ashtuk\Desktop\Files\Shaders\Shaders\Shaders\Debug\CL.write.1.tlog
C:\Users\u7ashtuk\Desktop\Files\Shaders\Shaders\Shaders\Debug\link.3492.read.1.tlog
C:\Users\u7ashtuk\Desktop\Files\Shaders\Shaders\Shaders\Debug\link.3492.write.1.tlog
C:\Users\u7ashtuk\Desktop\Files\Shaders\Shaders\Shaders\Debug\link.6168.read.1.tlog
C:\Users\u7ashtuk\Desktop\Files\Shaders\Shaders\Shaders\Debug\link.6168.write.1.tlog
C:\Users\u7ashtuk\Desktop\Files\Shaders\Shaders\Shaders\Debug\link.6184.read.1.tlog
C:\Users\u7ashtuk\Desktop\Files\Shaders\Shaders\Shaders\Debug\link.6184.write.1.tlog
C:\Users\u7ashtuk\Desktop\Files\Shaders\Shaders\Shaders\Debug\link.9384.read.1.tlog
C:\Users\u7ashtuk\Desktop\Files\Shaders\Shaders\Shaders\Debug\link.9384.write.1.tlog
C:\Users\u7ashtuk\Desktop\Files\Shaders\Shaders\Shaders\Debug\link.9864.read.1.tlog
C:\Users\u7ashtuk\Desktop\Files\Shaders\Shaders\Shaders\Debug\link.9864.write.1.tlog
C:\Users\u7ashtuk\Desktop\Files\Shaders\Shaders\Shaders\Debug\link.9880.read.1.tlog
C:\Users\u7ashtuk\Desktop\Files\Shaders\Shaders\Shaders\Debug\link.9880.write.1.tlog
C:\Users\u7ashtuk\Desktop\Files\Shaders\Shaders\Shaders\Debug\link.command.1.tlog
C:\Users\u7ashtuk\Desktop\Files\Shaders\Shaders\Shaders\Debug\link.read.1.tlog
C:\Users\u7ashtuk\Desktop\Files\Shaders\Shaders\Shaders\Debug\link.write.1.tlog
C:\Users\u7ashtuk\Desktop\Files\Shaders\Shaders\Shaders\Debug\metagen.read.1.tlog
C:\Users\u7ashtuk\Desktop\Files\Shaders\Shaders\Shaders\Debug\metagen.write.1.tlog
C:\Users\u7ashtuk\Desktop\Files\Shaders\Shaders\Shaders\Debug\mt.command.1.tlog
C:\Users\u7ashtuk\Desktop\Files\Shaders\Shaders\Shaders\Debug\mt.read.1.tlog
C:\Users\u7ashtuk\Desktop\Files\Shaders\Shaders\Shaders\Debug\mt.write.1.tlog
C:\Users\u7ashtuk\Desktop\Files\Shaders\Shaders\Shaders\Debug\NVIEW.DLL.bi
C:\USERS\U7ASHTUK\DESKTOP\FILES\SHADERS\SHADERS\SHADERS\DEBUG\OPENGLCONTROL.OBJ
C:\USERS\U7ASHTUK\DESKTOP\FILES\SHADERS\SHADERS\SHADERS\DEBUG\RENDERSCENE.OBJ
C:\Users\u7ashtuk\Desktop\Files\Shaders\Shaders\Shaders\Debug\RSAENH.DLL.bi
C:\Users\u7ashtuk\Desktop\Files\Shaders\Shaders\Shaders\Debug\Shaders.exe.intermediate.manifest
C:\USERS\U7ASHTUK\DESKTOP\FILES\SHADERS\SHADERS\SHADERS\DEBUG\SHADERS.OBJ
C:\Users\u7ashtuk\Desktop\Files\Shaders\Shaders\Shaders\Debug\Shaders.vcxprojResolveAssemblyReference.cache
C:\Users\u7ashtuk\Desktop\Files\Shaders\Shaders\Shaders\Debug\Shaders.write.1.tlog
C:\Users\u7ashtuk\Desktop\Files\Shaders\Shaders\Shaders\Debug\TZRES.DLL.bi
C:\USERS\U7ASHTUK\DESKTOP\FILES\SHADERS\SHADERS\SHADERS\DEBUG\VC100.PDB
C:\USERS\U7ASHTUK\DESKTOP\FILES\SHADERS\SHADERS\SHADERS\DEBUG\WIN_OPENGLAPP.OBJ
